app/build/intermediates/manifest_merge_blame_file/release/manifest-merger-blame-release-report.txt
1<?xml version="1.0" encoding="utf-8"?>
2<manifest xmlns:android="http://schemas.android.com/apk/res/android"
3    package="net.bplaced.abzzezz.animeapp"
4    android:versionCode="16"
5    android:versionName="12.0.3" >
6
7    <uses-sdk
8        android:minSdkVersion="28"
8-->src\main\AndroidManifest.xml
9        android:targetSdkVersion="30" />
9-->src\main\AndroidManifest.xml
10
11    <!-- Permissions -->
12    <uses-permission android:name="android.permission.INTERNET" />
12-->src\main\AndroidManifest.xml:6:5-66
12-->src\main\AndroidManifest.xml:6:22-64
13    <uses-permission android:name="android.permission.READ_EXTERNAL_STORAGE" />
13-->src\main\AndroidManifest.xml:7:5-79
13-->src\main\AndroidManifest.xml:7:22-77
14    <uses-permission android:name="android.permission.WRITE_EXTERNAL_STORAGE" />
14-->src\main\AndroidManifest.xml:8:5-80
14-->src\main\AndroidManifest.xml:8:22-78
15    <uses-permission android:name="android.permission.ACCESS_NETWORK_STATE" />
15-->src\main\AndroidManifest.xml:9:5-78
15-->src\main\AndroidManifest.xml:9:22-76
16    <uses-permission android:name="android.permission.ACCESS_WIFI_STATE" />
16-->src\main\AndroidManifest.xml:10:5-75
16-->src\main\AndroidManifest.xml:10:22-73
17    <uses-permission android:name="android.permission.ACCESS_NETWORK_STATE" />
17-->src\main\AndroidManifest.xml:9:5-78
17-->src\main\AndroidManifest.xml:9:22-76
18    <uses-permission android:name="android.permission.BLUETOOTH" />
18-->src\main\AndroidManifest.xml:12:5-67
18-->src\main\AndroidManifest.xml:12:22-65
19    <uses-permission android:name="android.permission.WAKE_LOCK" />
19-->src\main\AndroidManifest.xml:13:5-67
19-->src\main\AndroidManifest.xml:13:22-65
20    <uses-permission android:name="com.android.alarm.permission.SET_ALARM" />
20-->src\main\AndroidManifest.xml:14:5-77
20-->src\main\AndroidManifest.xml:14:22-75
21    <uses-permission android:name="android.permission.RECEIVE_BOOT_COMPLETED" />
21-->src\main\AndroidManifest.xml:15:5-80
21-->src\main\AndroidManifest.xml:15:22-78
22    <uses-permission android:name="android.permission.FOREGROUND_SERVICE" />
22-->src\main\AndroidManifest.xml:16:5-76
22-->src\main\AndroidManifest.xml:16:22-74
23    <!-- Permissions -->
24    <!-- Application tag -->
25    <application
25-->src\main\AndroidManifest.xml:20:5-91:19
26        android:appComponentFactory="androidx.core.app.CoreComponentFactory"
26-->[androidx.core:core:1.3.1] AndroidManifest.xml:24:18-86
27        android:extractNativeLibs="false"
28        android:icon="@mipmap/appimage"
28-->src\main\AndroidManifest.xml:21:13-44
29        android:installLocation="preferExternal"
29-->src\main\AndroidManifest.xml:22:13-53
30        android:label="@string/app_name"
30-->src\main\AndroidManifest.xml:23:13-45
31        android:roundIcon="@mipmap/appimage"
31-->src\main\AndroidManifest.xml:24:13-49
32        android:supportsRtl="true"
32-->src\main\AndroidManifest.xml:25:13-39
33        android:theme="@style/DarkTheme"
33-->src\main\AndroidManifest.xml:26:13-45
34        android:usesCleartextTraffic="true" >
34-->src\main\AndroidManifest.xml:27:13-48
35
36        <!-- Activities -->
37        <activity
37-->src\main\AndroidManifest.xml:29:9-31:20
38            android:name="net.bplaced.abzzezz.animeapp.activities.extra.PlayerActivity"
38-->src\main\AndroidManifest.xml:29:19-66
39            android:configChanges="keyboardHidden|orientation|screenSize|layoutDirection" >
39-->src\main\AndroidManifest.xml:30:19-96
40        </activity>
41        <activity
41-->src\main\AndroidManifest.xml:33:9-35:20
42            android:name="net.bplaced.abzzezz.animeapp.activities.extra.StreamPlayer"
42-->src\main\AndroidManifest.xml:33:19-64
43            android:configChanges="keyboardHidden|orientation|screenSize|layoutDirection" >
43-->src\main\AndroidManifest.xml:34:19-96
44        </activity>
45        <activity
45-->src\main\AndroidManifest.xml:37:9-40:63
46            android:name="net.bplaced.abzzezz.animeapp.activities.main.DrawerMainMenu"
46-->src\main\AndroidManifest.xml:38:17-63
47            android:label="@string/title_activity_drawer_main_menu"
47-->src\main\AndroidManifest.xml:39:17-72
48            android:theme="@style/DarkTheme.NoActionBar" />
48-->src\main\AndroidManifest.xml:40:17-61
49        <activity android:name="net.bplaced.abzzezz.animeapp.activities.main.ui.home.SelectedActivity" />
49-->src\main\AndroidManifest.xml:41:9-77
49-->src\main\AndroidManifest.xml:41:19-75
50        <activity
50-->src\main\AndroidManifest.xml:43:9-50:20
51            android:name="net.bplaced.abzzezz.animeapp.activities.extra.SplashScreen"
51-->src\main\AndroidManifest.xml:44:17-62
52            android:label="@string/app_name" >
52-->src\main\AndroidManifest.xml:45:17-49
53            <intent-filter>
53-->src\main\AndroidManifest.xml:46:13-49:29
54                <action android:name="android.intent.action.MAIN" />
54-->src\main\AndroidManifest.xml:47:17-68
54-->src\main\AndroidManifest.xml:47:25-66
55
56                <category android:name="android.intent.category.LAUNCHER" />
56-->src\main\AndroidManifest.xml:48:17-76
56-->src\main\AndroidManifest.xml:48:27-74
57            </intent-filter>
58        </activity>
59        <!-- Providers -->
60        <provider
61            android:name="androidx.core.content.FileProvider"
61-->src\main\AndroidManifest.xml:53:17-66
62            android:authorities="net.bplaced.abzzezz.animeapp.provider"
62-->src\main\AndroidManifest.xml:54:17-64
63            android:exported="false"
63-->src\main\AndroidManifest.xml:55:17-41
64            android:grantUriPermissions="true" >
64-->src\main\AndroidManifest.xml:56:17-51
65            <meta-data
65-->src\main\AndroidManifest.xml:57:13-59:61
66                android:name="android.support.FILE_PROVIDER_PATHS"
66-->src\main\AndroidManifest.xml:58:21-71
67                android:resource="@xml/provider_paths" />
67-->src\main\AndroidManifest.xml:59:21-59
68        </provider>
69        <!-- Font -->
70        <meta-data
70-->src\main\AndroidManifest.xml:62:9-64:60
71            android:name="preloaded_fonts"
71-->src\main\AndroidManifest.xml:63:17-47
72            android:resource="@array/preloaded_fonts" />
72-->src\main\AndroidManifest.xml:64:17-58
73
74        <!-- Receiver and service -->
75        <receiver
75-->src\main\AndroidManifest.xml:67:9-75:20
76            android:name="net.bplaced.abzzezz.animeapp.util.receiver.BootReceiver"
76-->src\main\AndroidManifest.xml:68:17-59
77            android:enabled="true"
77-->src\main\AndroidManifest.xml:69:17-39
78            android:exported="true"
78-->src\main\AndroidManifest.xml:70:17-40
79            android:label="BootReceiver" >
79-->src\main\AndroidManifest.xml:71:17-45
80            <intent-filter>
80-->src\main\AndroidManifest.xml:72:13-74:29
81                <action android:name="android.intent.action.BOOT_COMPLETED" />
81-->src\main\AndroidManifest.xml:73:17-78
81-->src\main\AndroidManifest.xml:73:25-76
82            </intent-filter>
83        </receiver>
84        <receiver
84-->src\main\AndroidManifest.xml:77:9-82:20
85            android:name="net.bplaced.abzzezz.animeapp.util.receiver.Alarm"
85-->src\main\AndroidManifest.xml:78:43-78
86            android:enabled="true"
86-->src\main\AndroidManifest.xml:77:19-41
87            android:exported="true" >
87-->src\main\AndroidManifest.xml:78:19-42
88            <intent-filter>
88-->src\main\AndroidManifest.xml:72:13-74:29
89                <action android:name="android.intent.action.BOOT_COMPLETED" />
89-->src\main\AndroidManifest.xml:73:17-78
89-->src\main\AndroidManifest.xml:73:25-76
90            </intent-filter>
91        </receiver>
92
93        <service
93-->src\main\AndroidManifest.xml:83:9-88:11
94            android:name="net.bplaced.abzzezz.animeapp.util.animenotifications.NotificationService"
94-->src\main\AndroidManifest.xml:87:17-76
95            android:description="@string/anime_notification_service_description"
95-->src\main\AndroidManifest.xml:85:17-85
96            android:enabled="true"
96-->src\main\AndroidManifest.xml:86:17-39
97            android:exported="true"
97-->src\main\AndroidManifest.xml:86:40-63
98            android:label="Anime Notification Service" />
98-->src\main\AndroidManifest.xml:84:17-59
99
100        <receiver android:name="net.bplaced.abzzezz.animeapp.util.receiver.StopDownloadReceiver" />
100-->src\main\AndroidManifest.xml:89:9-71
100-->src\main\AndroidManifest.xml:89:19-69
101        <!-- Receiver and Service -->
102        <provider
102-->[androidx.lifecycle:lifecycle-process:2.2.0] AndroidManifest.xml:25:9-29:43
103            android:name="androidx.lifecycle.ProcessLifecycleOwnerInitializer"
103-->[androidx.lifecycle:lifecycle-process:2.2.0] AndroidManifest.xml:26:13-79
104            android:authorities="net.bplaced.abzzezz.animeapp.lifecycle-process"
104-->[androidx.lifecycle:lifecycle-process:2.2.0] AndroidManifest.xml:27:13-69
105            android:exported="false"
105-->[androidx.lifecycle:lifecycle-process:2.2.0] AndroidManifest.xml:28:13-37
106            android:multiprocess="true" />
106-->[androidx.lifecycle:lifecycle-process:2.2.0] AndroidManifest.xml:29:13-40
107    </application>
108
109</manifest>